<?xml version="1.0" encoding="UTF-8"?>
<!-- Generated by org.testng.reporters.JUnitReportReporter -->
<testsuite skipped="0" hostname="LAPTOP-JG18JC74" name="com.tmb.tests.OrangeHRMTests" tests="2" failures="0" timestamp="19 Nov 2021 10:26:24 GMT" time="25.584" errors="0">
  <testcase name="loginLogoutTest" time="9.837" classname="com.tmb.tests.OrangeHRMTests"/>
  <testcase name="newTest" time="15.747" classname="com.tmb.tests.OrangeHRMTests"/>
</testsuite> <!-- com.tmb.tests.OrangeHRMTests -->
